Using TensorFlow backend.
/usr/local/lib/python2.7/dist-packages/keras/preprocessing/text.py:90: UserWarning: The `nb_words` argument in `Tokenizer` has been renamed `num_words`.
  warnings.warn('The `nb_words` argument in `Tokenizer` '
/usr/local/lib/python2.7/dist-packages/keras/models.py:851: UserWarning: The `nb_epoch` argument in `fit` has been renamed `epochs`.
  warnings.warn('The `nb_epoch` argument in `fit` '
2017-10-12 19:27:13.755369: W tensorflow/core/platform/cpu_feature_guard.cc:45] The TensorFlow library wasn't compiled to use SSE4.1 instructions, but these are available on your machine and could speed up CPU computations.
2017-10-12 19:27:13.756483: W tensorflow/core/platform/cpu_feature_guard.cc:45] The TensorFlow library wasn't compiled to use SSE4.2 instructions, but these are available on your machine and could speed up CPU computations.
2017-10-12 19:27:13.757113: W tensorflow/core/platform/cpu_feature_guard.cc:45] The TensorFlow library wasn't compiled to use AVX instructions, but these are available on your machine and could speed up CPU computations.
Traceback (most recent call last):
  File "New+LSTM.py", line 248, in <module>
    fig, ax = plt.subplots()
  File "/usr/local/lib/python2.7/dist-packages/matplotlib/pyplot.py", line 1202, in subplots
    fig = figure(**fig_kw)
  File "/usr/local/lib/python2.7/dist-packages/matplotlib/pyplot.py", line 535, in figure
    **kwargs)
  File "/usr/local/lib/python2.7/dist-packages/matplotlib/backends/backend_tkagg.py", line 81, in new_figure_manager
    return new_figure_manager_given_figure(num, figure)
  File "/usr/local/lib/python2.7/dist-packages/matplotlib/backends/backend_tkagg.py", line 89, in new_figure_manager_given_figure
    window = Tk.Tk()
  File "/usr/lib/python2.7/lib-tk/Tkinter.py", line 1818, in __init__
    self.tk = _tkinter.create(screenName, baseName, className, interactive, wantobjects, useTk, sync, use)
_tkinter.TclError: no display name and no $DISPLAY environment variable
