000 (8085.000.000) 10/12 19:27:03 Job submitted from host: <10.37.0.223:46010?addrs=10.37.0.223-46010>
...
001 (8085.000.000) 10/12 19:27:03 Job executing on host: <10.37.0.228:40146?addrs=10.37.0.228-40146>
...
006 (8085.000.000) 10/12 19:27:12 Image size of job updated: 1
	4  -  MemoryUsage of job (MB)
	3680  -  ResidentSetSize of job (KB)
...
006 (8085.000.000) 10/12 19:32:13 Image size of job updated: 5728784
	652  -  MemoryUsage of job (MB)
	667128  -  ResidentSetSize of job (KB)
...
006 (8085.000.000) 10/12 19:36:13 Image size of job updated: 5858504
	652  -  MemoryUsage of job (MB)
	667128  -  ResidentSetSize of job (KB)
...
005 (8085.000.000) 10/12 19:36:13 Job terminated.
	(1) Normal termination (return value 1)
		Usr 0 00:30:20, Sys 0 00:02:45  -  Run Remote Usage
		Usr 0 00:00:00, Sys 0 00:00:00  -  Run Local Usage
		Usr 0 00:30:20, Sys 0 00:02:45  -  Total Remote Usage
		Usr 0 00:00:00, Sys 0 00:00:00  -  Total Local Usage
	0  -  Run Bytes Sent By Job
	0  -  Run Bytes Received By Job
	0  -  Total Bytes Sent By Job
	0  -  Total Bytes Received By Job
	Partitionable Resources :    Usage  Request Allocated
	   Cpus                 :                 1         1
	   Disk (KB)            :        1        1   5840604
	   Memory (MB)          :      652        1     10745
...
