000 (8089.000.000) 10/12 20:08:19 Job submitted from host: <10.37.0.223:46010?addrs=10.37.0.223-46010>
...
001 (8089.000.000) 10/12 20:08:30 Job executing on host: <10.37.0.228:40146?addrs=10.37.0.228-40146>
...
006 (8089.000.000) 10/12 20:08:38 Image size of job updated: 1
	4  -  MemoryUsage of job (MB)
	3640  -  ResidentSetSize of job (KB)
...
006 (8089.000.000) 10/12 20:13:38 Image size of job updated: 5814316
	570  -  MemoryUsage of job (MB)
	582732  -  ResidentSetSize of job (KB)
...
006 (8089.000.000) 10/12 20:17:39 Image size of job updated: 5972716
	570  -  MemoryUsage of job (MB)
	582732  -  ResidentSetSize of job (KB)
...
005 (8089.000.000) 10/12 20:17:39 Job terminated.
	(1) Normal termination (return value 0)
		Usr 0 00:30:15, Sys 0 00:02:44  -  Run Remote Usage
		Usr 0 00:00:00, Sys 0 00:00:00  -  Run Local Usage
		Usr 0 00:30:15, Sys 0 00:02:44  -  Total Remote Usage
		Usr 0 00:00:00, Sys 0 00:00:00  -  Total Local Usage
	0  -  Run Bytes Sent By Job
	0  -  Run Bytes Received By Job
	0  -  Total Bytes Sent By Job
	0  -  Total Bytes Received By Job
	Partitionable Resources :    Usage  Request Allocated
	   Cpus                 :                 1         1
	   Disk (KB)            :        1        1   5839040
	   Memory (MB)          :      570        1     10745
...
