000 (8090.000.000) 10/12 20:26:00 Job submitted from host: <10.37.0.223:46010?addrs=10.37.0.223-46010>
...
001 (8090.000.000) 10/12 20:26:00 Job executing on host: <10.37.0.228:40146?addrs=10.37.0.228-40146>
...
006 (8090.000.000) 10/12 20:26:06 Image size of job updated: 1
	0  -  MemoryUsage of job (MB)
	0  -  ResidentSetSize of job (KB)
...
005 (8090.000.000) 10/12 20:26:06 Job terminated.
	(1) Normal termination (return value 1)
		Usr 0 00:00:00, Sys 0 00:00:00  -  Run Remote Usage
		Usr 0 00:00:00, Sys 0 00:00:00  -  Run Local Usage
		Usr 0 00:00:00, Sys 0 00:00:00  -  Total Remote Usage
		Usr 0 00:00:00, Sys 0 00:00:00  -  Total Local Usage
	0  -  Run Bytes Sent By Job
	0  -  Run Bytes Received By Job
	0  -  Total Bytes Sent By Job
	0  -  Total Bytes Received By Job
	Partitionable Resources :    Usage  Request Allocated
	   Cpus                 :                 1         1
	   Disk (KB)            :        1        1   5839038
	   Memory (MB)          :        0        1     10745
...
