000 (8091.000.000) 10/12 20:28:46 Job submitted from host: <10.37.0.223:46010?addrs=10.37.0.223-46010>
...
001 (8091.000.000) 10/12 20:28:47 Job executing on host: <10.37.0.228:40146?addrs=10.37.0.228-40146>
...
006 (8091.000.000) 10/12 20:28:55 Image size of job updated: 1
	4  -  MemoryUsage of job (MB)
	3780  -  ResidentSetSize of job (KB)
...
006 (8091.000.000) 10/12 20:33:55 Image size of job updated: 5804752
	607  -  MemoryUsage of job (MB)
	621516  -  ResidentSetSize of job (KB)
...
006 (8091.000.000) 10/12 20:38:02 Image size of job updated: 5902184
	607  -  MemoryUsage of job (MB)
	621516  -  ResidentSetSize of job (KB)
...
005 (8091.000.000) 10/12 20:38:02 Job terminated.
	(1) Normal termination (return value 1)
		Usr 0 00:26:17, Sys 0 00:02:25  -  Run Remote Usage
		Usr 0 00:00:00, Sys 0 00:00:00  -  Run Local Usage
		Usr 0 00:26:17, Sys 0 00:02:25  -  Total Remote Usage
		Usr 0 00:00:00, Sys 0 00:00:00  -  Total Local Usage
	0  -  Run Bytes Sent By Job
	0  -  Run Bytes Received By Job
	0  -  Total Bytes Sent By Job
	0  -  Total Bytes Received By Job
	Partitionable Resources :    Usage  Request Allocated
	   Cpus                 :                 1         1
	   Disk (KB)            :        1        1   5839037
	   Memory (MB)          :      607        1     10745
...
