000 (8092.000.000) 10/12 20:52:35 Job submitted from host: <10.37.0.223:46010?addrs=10.37.0.223-46010>
...
001 (8092.000.000) 10/12 20:52:35 Job executing on host: <10.37.0.228:40146?addrs=10.37.0.228-40146>
...
006 (8092.000.000) 10/12 20:52:44 Image size of job updated: 1
	4  -  MemoryUsage of job (MB)
	3632  -  ResidentSetSize of job (KB)
...
006 (8092.000.000) 10/12 20:57:45 Image size of job updated: 5088408
	699  -  MemoryUsage of job (MB)
	715040  -  ResidentSetSize of job (KB)
...
006 (8092.000.000) 10/12 21:02:04 Image size of job updated: 5108888
	699  -  MemoryUsage of job (MB)
	715040  -  ResidentSetSize of job (KB)
...
005 (8092.000.000) 10/12 21:02:04 Job terminated.
	(1) Normal termination (return value 1)
		Usr 0 00:20:30, Sys 0 00:01:55  -  Run Remote Usage
		Usr 0 00:00:00, Sys 0 00:00:00  -  Run Local Usage
		Usr 0 00:20:30, Sys 0 00:01:55  -  Total Remote Usage
		Usr 0 00:00:00, Sys 0 00:00:00  -  Total Local Usage
	0  -  Run Bytes Sent By Job
	0  -  Run Bytes Received By Job
	0  -  Total Bytes Sent By Job
	0  -  Total Bytes Received By Job
	Partitionable Resources :    Usage  Request Allocated
	   Cpus                 :                 1         1
	   Disk (KB)            :        1        1   5839168
	   Memory (MB)          :      699        1     10745
...
